<?xml version="1.0" encoding="UTF-8"?>
<testng-results skipped="1" failed="7" ignored="0" total="16" passed="8">
  <reporter-output>
  </reporter-output>
  <suite name="MaximoTestSuite" duration-ms="3160123" started-at="2018-06-18T22:50:39Z" finished-at="2018-06-18T23:43:19Z">
    <groups>
      <group name="smoke">
        <method signature="Shakedown6.multipleAreaAndRegion()[pri:0, instance:config.Shakedown6@39aeed2f]" name="multipleAreaAndRegion" class="config.Shakedown6"/>
        <method signature="Shakedown6.test(java.lang.String, java.lang.String, boolean, boolean, java.lang.Boolean)[pri:0, instance:config.Shakedown6@39aeed2f]" name="test" class="config.Shakedown6"/>
      </group> <!-- smoke -->
      <group name="unitTest">
        <method signature="WFUnitTests.testTAWOs(java.lang.String, java.lang.String)[pri:0, instance:config.WFUnitTests@457e2f02]" name="testTAWOs" class="config.WFUnitTests"/>
        <method signature="WFUnitTests.testColdstartPRwithTAWO()[pri:0, instance:config.WFUnitTests@457e2f02]" name="testColdstartPRwithTAWO" class="config.WFUnitTests"/>
        <method signature="WFUnitTests.testPOGeneratedByTAWO()[pri:0, instance:config.WFUnitTests@457e2f02]" name="testPOGeneratedByTAWO" class="config.WFUnitTests"/>
      </group> <!-- unitTest -->
    </groups>
    <test name="Regression Test Suite" duration-ms="3160123" started-at="2018-06-18T22:50:39Z" finished-at="2018-06-18T23:43:19Z">
      <class name="config.Shakedown6">
        <test-method status="PASS" signature="setUp()[pri:0, instance:config.Shakedown6@39aeed2f]" name="setUp" is-config="true" duration-ms="3730" started-at="2018-06-19T11:08:32Z" finished-at="2018-06-19T11:08:36Z">
          <reporter-output>
          </reporter-output>
        </test-method> <!-- setUp -->
        <test-method status="PASS" signature="init()[pri:0, instance:config.Shakedown6@39aeed2f]" name="init" is-config="true" duration-ms="0" started-at="2018-06-19T11:08:32Z" finished-at="2018-06-19T11:08:32Z">
          <reporter-output>
          </reporter-output>
        </test-method> <!-- init -->
        <test-method status="PASS" signature="multipleAreaAndRegion()[pri:0, instance:config.Shakedown6@39aeed2f]" name="multipleAreaAndRegion" duration-ms="317175" started-at="2018-06-19T11:08:36Z" finished-at="2018-06-19T11:13:53Z">
          <reporter-output>
          </reporter-output>
        </test-method> <!-- multipleAreaAndRegion -->
        <test-method status="PASS" signature="logout()[pri:0, instance:config.Shakedown6@39aeed2f]" name="logout" is-config="true" duration-ms="2097" started-at="2018-06-19T11:13:53Z" finished-at="2018-06-19T11:13:55Z">
          <reporter-output>
          </reporter-output>
        </test-method> <!-- logout -->
        <test-method status="PASS" signature="setUp()[pri:0, instance:config.Shakedown6@39aeed2f]" name="setUp" is-config="true" duration-ms="3785" started-at="2018-06-19T11:13:55Z" finished-at="2018-06-19T11:13:59Z">
          <reporter-output>
          </reporter-output>
        </test-method> <!-- setUp -->
        <test-method status="PASS" signature="test(java.lang.String, java.lang.String, boolean, boolean, java.lang.Boolean)[pri:0, instance:config.Shakedown6@39aeed2f]" name="test" duration-ms="187950" started-at="2018-06-19T11:13:59Z" data-provider="data" finished-at="2018-06-19T11:17:07Z">
          <params>
            <param index="0">
              <value>
                <![CDATA[mxfldeng]]>
              </value>
            </param>
            <param index="1">
              <value>
                <![CDATA[Shakedown6 scenario5]]>
              </value>
            </param>
            <param index="2">
              <value>
                <![CDATA[false]]>
              </value>
            </param>
            <param index="3">
              <value>
                <![CDATA[false]]>
              </value>
            </param>
            <param index="4">
              <value>
                <![CDATA[true]]>
              </value>
            </param>
          </params>
          <reporter-output>
          </reporter-output>
        </test-method> <!-- test -->
        <test-method status="PASS" signature="logout()[pri:0, instance:config.Shakedown6@39aeed2f]" name="logout" is-config="true" duration-ms="2071" started-at="2018-06-19T11:17:07Z" finished-at="2018-06-19T11:17:09Z">
          <reporter-output>
          </reporter-output>
        </test-method> <!-- logout -->
        <test-method status="PASS" signature="setUp()[pri:0, instance:config.Shakedown6@39aeed2f]" name="setUp" is-config="true" duration-ms="3758" started-at="2018-06-19T11:17:09Z" finished-at="2018-06-19T11:17:13Z">
          <reporter-output>
          </reporter-output>
        </test-method> <!-- setUp -->
        <test-method status="PASS" signature="test(java.lang.String, java.lang.String, boolean, boolean, java.lang.Boolean)[pri:0, instance:config.Shakedown6@39aeed2f]" name="test" duration-ms="200060" started-at="2018-06-19T11:17:13Z" data-provider="data" finished-at="2018-06-19T11:20:33Z">
          <params>
            <param index="0">
              <value>
                <![CDATA[mxfldeng]]>
              </value>
            </param>
            <param index="1">
              <value>
                <![CDATA[Shakedown6 scenario6]]>
              </value>
            </param>
            <param index="2">
              <value>
                <![CDATA[false]]>
              </value>
            </param>
            <param index="3">
              <value>
                <![CDATA[false]]>
              </value>
            </param>
            <param index="4">
              <value>
                <![CDATA[false]]>
              </value>
            </param>
          </params>
          <reporter-output>
          </reporter-output>
        </test-method> <!-- test -->
        <test-method status="PASS" signature="logout()[pri:0, instance:config.Shakedown6@39aeed2f]" name="logout" is-config="true" duration-ms="2369" started-at="2018-06-19T11:20:33Z" finished-at="2018-06-19T11:20:35Z">
          <reporter-output>
          </reporter-output>
        </test-method> <!-- logout -->
        <test-method status="PASS" signature="setUp()[pri:0, instance:config.Shakedown6@39aeed2f]" name="setUp" is-config="true" duration-ms="3675" started-at="2018-06-19T11:20:35Z" finished-at="2018-06-19T11:20:39Z">
          <reporter-output>
          </reporter-output>
        </test-method> <!-- setUp -->
        <test-method status="SKIP" signature="test(java.lang.String, java.lang.String, boolean, boolean, java.lang.Boolean)[pri:0, instance:config.Shakedown6@39aeed2f]" name="test" duration-ms="109365" started-at="2018-06-19T11:20:39Z" data-provider="data" finished-at="2018-06-19T11:22:28Z">
          <params>
            <param index="0">
              <value>
                <![CDATA[mxfldeng]]>
              </value>
            </param>
            <param index="1">
              <value>
                <![CDATA[Shakedown6 scenario7]]>
              </value>
            </param>
            <param index="2">
              <value>
                <![CDATA[false]]>
              </value>
            </param>
            <param index="3">
              <value>
                <![CDATA[true]]>
              </value>
            </param>
            <param index="4">
              <value>
                <![CDATA[true]]>
              </value>
            </param>
          </params>
          <exception class="java.lang.AssertionError">
            <message>
              <![CDATA[null]]>
            </message>
            <full-stacktrace>
              <![CDATA[java.lang.AssertionError: null
	at org.testng.Assert.fail(Assert.java:93)
	at org.testng.Assert.fail(Assert.java:100)
	at config.Shakedown6.test(Shakedown6.java:152)
	at sun.reflect.NativeMethodAccessorImpl.invoke0(Native Method)
	at sun.reflect.NativeMethodAccessorImpl.invoke(NativeMethodAccessorImpl.java:62)
	at sun.reflect.DelegatingMethodAccessorImpl.invoke(DelegatingMethodAccessorImpl.java:43)
	at java.lang.reflect.Method.invoke(Method.java:498)
	at org.testng.internal.MethodInvocationHelper.invokeMethod(MethodInvocationHelper.java:108)
	at org.testng.internal.Invoker.invokeMethod(Invoker.java:661)
	at org.testng.internal.Invoker.invokeTestMethod(Invoker.java:869)
	at org.testng.internal.Invoker.invokeTestMethods(Invoker.java:1193)
	at org.testng.internal.TestMethodWorker.invokeTestMethods(TestMethodWorker.java:126)
	at org.testng.internal.TestMethodWorker.run(TestMethodWorker.java:109)
	at org.testng.TestRunner.privateRun(TestRunner.java:744)
	at org.testng.TestRunner.run(TestRunner.java:602)
	at org.testng.SuiteRunner.runTest(SuiteRunner.java:380)
	at org.testng.SuiteRunner.runSequentially(SuiteRunner.java:375)
	at org.testng.SuiteRunner.privateRun(SuiteRunner.java:340)
	at org.testng.SuiteRunner.run(SuiteRunner.java:289)
	at org.testng.SuiteRunnerWorker.runSuite(SuiteRunnerWorker.java:52)
	at org.testng.SuiteRunnerWorker.run(SuiteRunnerWorker.java:86)
	at org.testng.TestNG.runSuitesSequentially(TestNG.java:1301)
	at org.testng.TestNG.runSuitesLocally(TestNG.java:1226)
	at org.testng.TestNG.runSuites(TestNG.java:1144)
	at org.testng.TestNG.run(TestNG.java:1115)
	at org.apache.maven.surefire.testng.TestNGExecutor.run(TestNGExecutor.java:283)
	at org.apache.maven.surefire.testng.TestNGXmlTestSuite.execute(TestNGXmlTestSuite.java:75)
	at org.apache.maven.surefire.testng.TestNGProvider.invoke(TestNGProvider.java:120)
	at org.apache.maven.surefire.booter.ForkedBooter.invokeProviderInSameClassLoader(ForkedBooter.java:386)
	at org.apache.maven.surefire.booter.ForkedBooter.runSuitesInProcess(ForkedBooter.java:323)
	at org.apache.maven.surefire.booter.ForkedBooter.main(ForkedBooter.java:143)
]]>
            </full-stacktrace>
          </exception> <!-- java.lang.AssertionError -->
          <reporter-output>
          </reporter-output>
        </test-method> <!-- test -->
        <test-method status="PASS" signature="logout()[pri:0, instance:config.Shakedown6@39aeed2f]" name="logout" is-config="true" duration-ms="2366" started-at="2018-06-19T11:22:28Z" finished-at="2018-06-19T11:22:31Z">
          <reporter-output>
          </reporter-output>
        </test-method> <!-- logout -->
        <test-method status="PASS" signature="setUp()[pri:0, instance:config.Shakedown6@39aeed2f]" name="setUp" is-config="true" duration-ms="3824" started-at="2018-06-19T11:22:31Z" finished-at="2018-06-19T11:22:34Z">
          <reporter-output>
          </reporter-output>
        </test-method> <!-- setUp -->
        <test-method status="FAIL" signature="test(java.lang.String, java.lang.String, boolean, boolean, java.lang.Boolean)[pri:0, instance:config.Shakedown6@39aeed2f]" name="test" duration-ms="112030" started-at="2018-06-19T11:22:34Z" data-provider="data" finished-at="2018-06-19T11:24:26Z">
          <params>
            <param index="0">
              <value>
                <![CDATA[mxfldeng]]>
              </value>
            </param>
            <param index="1">
              <value>
                <![CDATA[Shakedown6 scenario7]]>
              </value>
            </param>
            <param index="2">
              <value>
                <![CDATA[false]]>
              </value>
            </param>
            <param index="3">
              <value>
                <![CDATA[true]]>
              </value>
            </param>
            <param index="4">
              <value>
                <![CDATA[true]]>
              </value>
            </param>
          </params>
          <exception class="java.lang.AssertionError">
            <message>
              <![CDATA[null]]>
            </message>
            <full-stacktrace>
              <![CDATA[java.lang.AssertionError: null
	at org.testng.Assert.fail(Assert.java:93)
	at org.testng.Assert.fail(Assert.java:100)
	at config.Shakedown6.test(Shakedown6.java:152)
	at sun.reflect.NativeMethodAccessorImpl.invoke0(Native Method)
	at sun.reflect.NativeMethodAccessorImpl.invoke(NativeMethodAccessorImpl.java:62)
	at sun.reflect.DelegatingMethodAccessorImpl.invoke(DelegatingMethodAccessorImpl.java:43)
	at java.lang.reflect.Method.invoke(Method.java:498)
	at org.testng.internal.MethodInvocationHelper.invokeMethod(MethodInvocationHelper.java:108)
	at org.testng.internal.Invoker.invokeMethod(Invoker.java:661)
	at org.testng.internal.Invoker.retryFailed(Invoker.java:1014)
	at org.testng.internal.Invoker.invokeTestMethods(Invoker.java:1215)
	at org.testng.internal.TestMethodWorker.invokeTestMethods(TestMethodWorker.java:126)
	at org.testng.internal.TestMethodWorker.run(TestMethodWorker.java:109)
	at org.testng.TestRunner.privateRun(TestRunner.java:744)
	at org.testng.TestRunner.run(TestRunner.java:602)
	at org.testng.SuiteRunner.runTest(SuiteRunner.java:380)
	at org.testng.SuiteRunner.runSequentially(SuiteRunner.java:375)
	at org.testng.SuiteRunner.privateRun(SuiteRunner.java:340)
	at org.testng.SuiteRunner.run(SuiteRunner.java:289)
	at org.testng.SuiteRunnerWorker.runSuite(SuiteRunnerWorker.java:52)
	at org.testng.SuiteRunnerWorker.run(SuiteRunnerWorker.java:86)
	at org.testng.TestNG.runSuitesSequentially(TestNG.java:1301)
	at org.testng.TestNG.runSuitesLocally(TestNG.java:1226)
	at org.testng.TestNG.runSuites(TestNG.java:1144)
	at org.testng.TestNG.run(TestNG.java:1115)
	at org.apache.maven.surefire.testng.TestNGExecutor.run(TestNGExecutor.java:283)
	at org.apache.maven.surefire.testng.TestNGXmlTestSuite.execute(TestNGXmlTestSuite.java:75)
	at org.apache.maven.surefire.testng.TestNGProvider.invoke(TestNGProvider.java:120)
	at org.apache.maven.surefire.booter.ForkedBooter.invokeProviderInSameClassLoader(ForkedBooter.java:386)
	at org.apache.maven.surefire.booter.ForkedBooter.runSuitesInProcess(ForkedBooter.java:323)
	at org.apache.maven.surefire.booter.ForkedBooter.main(ForkedBooter.java:143)
]]>
            </full-stacktrace>
          </exception> <!-- java.lang.AssertionError -->
          <reporter-output>
          </reporter-output>
        </test-method> <!-- test -->
        <test-method status="PASS" signature="logout()[pri:0, instance:config.Shakedown6@39aeed2f]" name="logout" is-config="true" duration-ms="2753" started-at="2018-06-19T11:24:26Z" finished-at="2018-06-19T11:24:29Z">
          <reporter-output>
          </reporter-output>
        </test-method> <!-- logout -->
        <test-method status="PASS" signature="setUp()[pri:0, instance:config.Shakedown6@39aeed2f]" name="setUp" is-config="true" duration-ms="3775" started-at="2018-06-19T11:24:29Z" finished-at="2018-06-19T11:24:33Z">
          <reporter-output>
          </reporter-output>
        </test-method> <!-- setUp -->
        <test-method status="FAIL" signature="test(java.lang.String, java.lang.String, boolean, boolean, java.lang.Boolean)[pri:0, instance:config.Shakedown6@39aeed2f]" name="test" duration-ms="109497" started-at="2018-06-19T11:24:33Z" data-provider="data" finished-at="2018-06-19T11:26:22Z">
          <params>
            <param index="0">
              <value>
                <![CDATA[mxfldeng]]>
              </value>
            </param>
            <param index="1">
              <value>
                <![CDATA[Shakedown6 scenario8]]>
              </value>
            </param>
            <param index="2">
              <value>
                <![CDATA[false]]>
              </value>
            </param>
            <param index="3">
              <value>
                <![CDATA[true]]>
              </value>
            </param>
            <param index="4">
              <value>
                <![CDATA[false]]>
              </value>
            </param>
          </params>
          <exception class="java.lang.AssertionError">
            <message>
              <![CDATA[null]]>
            </message>
            <full-stacktrace>
              <![CDATA[java.lang.AssertionError: null
	at org.testng.Assert.fail(Assert.java:93)
	at org.testng.Assert.fail(Assert.java:100)
	at config.Shakedown6.test(Shakedown6.java:152)
	at sun.reflect.NativeMethodAccessorImpl.invoke0(Native Method)
	at sun.reflect.NativeMethodAccessorImpl.invoke(NativeMethodAccessorImpl.java:62)
	at sun.reflect.DelegatingMethodAccessorImpl.invoke(DelegatingMethodAccessorImpl.java:43)
	at java.lang.reflect.Method.invoke(Method.java:498)
	at org.testng.internal.MethodInvocationHelper.invokeMethod(MethodInvocationHelper.java:108)
	at org.testng.internal.Invoker.invokeMethod(Invoker.java:661)
	at org.testng.internal.Invoker.invokeTestMethod(Invoker.java:869)
	at org.testng.internal.Invoker.invokeTestMethods(Invoker.java:1193)
	at org.testng.internal.TestMethodWorker.invokeTestMethods(TestMethodWorker.java:126)
	at org.testng.internal.TestMethodWorker.run(TestMethodWorker.java:109)
	at org.testng.TestRunner.privateRun(TestRunner.java:744)
	at org.testng.TestRunner.run(TestRunner.java:602)
	at org.testng.SuiteRunner.runTest(SuiteRunner.java:380)
	at org.testng.SuiteRunner.runSequentially(SuiteRunner.java:375)
	at org.testng.SuiteRunner.privateRun(SuiteRunner.java:340)
	at org.testng.SuiteRunner.run(SuiteRunner.java:289)
	at org.testng.SuiteRunnerWorker.runSuite(SuiteRunnerWorker.java:52)
	at org.testng.SuiteRunnerWorker.run(SuiteRunnerWorker.java:86)
	at org.testng.TestNG.runSuitesSequentially(TestNG.java:1301)
	at org.testng.TestNG.runSuitesLocally(TestNG.java:1226)
	at org.testng.TestNG.runSuites(TestNG.java:1144)
	at org.testng.TestNG.run(TestNG.java:1115)
	at org.apache.maven.surefire.testng.TestNGExecutor.run(TestNGExecutor.java:283)
	at org.apache.maven.surefire.testng.TestNGXmlTestSuite.execute(TestNGXmlTestSuite.java:75)
	at org.apache.maven.surefire.testng.TestNGProvider.invoke(TestNGProvider.java:120)
	at org.apache.maven.surefire.booter.ForkedBooter.invokeProviderInSameClassLoader(ForkedBooter.java:386)
	at org.apache.maven.surefire.booter.ForkedBooter.runSuitesInProcess(ForkedBooter.java:323)
	at org.apache.maven.surefire.booter.ForkedBooter.main(ForkedBooter.java:143)
]]>
            </full-stacktrace>
          </exception> <!-- java.lang.AssertionError -->
          <reporter-output>
          </reporter-output>
        </test-method> <!-- test -->
        <test-method status="PASS" signature="logout()[pri:0, instance:config.Shakedown6@39aeed2f]" name="logout" is-config="true" duration-ms="413" started-at="2018-06-19T11:26:22Z" finished-at="2018-06-19T11:26:23Z">
          <reporter-output>
          </reporter-output>
        </test-method> <!-- logout -->
        <test-method status="PASS" signature="setUp()[pri:0, instance:config.Shakedown6@39aeed2f]" name="setUp" is-config="true" duration-ms="3730" started-at="2018-06-19T11:26:23Z" finished-at="2018-06-19T11:26:27Z">
          <reporter-output>
          </reporter-output>
        </test-method> <!-- setUp -->
        <test-method status="FAIL" signature="test(java.lang.String, java.lang.String, boolean, boolean, java.lang.Boolean)[pri:0, instance:config.Shakedown6@39aeed2f]" name="test" duration-ms="109876" started-at="2018-06-19T11:26:27Z" data-provider="data" finished-at="2018-06-19T11:28:16Z">
          <params>
            <param index="0">
              <value>
                <![CDATA[mxfldeng]]>
              </value>
            </param>
            <param index="1">
              <value>
                <![CDATA[Shakedown6 scenario8]]>
              </value>
            </param>
            <param index="2">
              <value>
                <![CDATA[false]]>
              </value>
            </param>
            <param index="3">
              <value>
                <![CDATA[true]]>
              </value>
            </param>
            <param index="4">
              <value>
                <![CDATA[false]]>
              </value>
            </param>
          </params>
          <exception class="java.lang.AssertionError">
            <message>
              <![CDATA[null]]>
            </message>
            <full-stacktrace>
              <![CDATA[java.lang.AssertionError: null
	at org.testng.Assert.fail(Assert.java:93)
	at org.testng.Assert.fail(Assert.java:100)
	at config.Shakedown6.test(Shakedown6.java:152)
	at sun.reflect.NativeMethodAccessorImpl.invoke0(Native Method)
	at sun.reflect.NativeMethodAccessorImpl.invoke(NativeMethodAccessorImpl.java:62)
	at sun.reflect.DelegatingMethodAccessorImpl.invoke(DelegatingMethodAccessorImpl.java:43)
	at java.lang.reflect.Method.invoke(Method.java:498)
	at org.testng.internal.MethodInvocationHelper.invokeMethod(MethodInvocationHelper.java:108)
	at org.testng.internal.Invoker.invokeMethod(Invoker.java:661)
	at org.testng.internal.Invoker.retryFailed(Invoker.java:1014)
	at org.testng.internal.Invoker.invokeTestMethods(Invoker.java:1215)
	at org.testng.internal.TestMethodWorker.invokeTestMethods(TestMethodWorker.java:126)
	at org.testng.internal.TestMethodWorker.run(TestMethodWorker.java:109)
	at org.testng.TestRunner.privateRun(TestRunner.java:744)
	at org.testng.TestRunner.run(TestRunner.java:602)
	at org.testng.SuiteRunner.runTest(SuiteRunner.java:380)
	at org.testng.SuiteRunner.runSequentially(SuiteRunner.java:375)
	at org.testng.SuiteRunner.privateRun(SuiteRunner.java:340)
	at org.testng.SuiteRunner.run(SuiteRunner.java:289)
	at org.testng.SuiteRunnerWorker.runSuite(SuiteRunnerWorker.java:52)
	at org.testng.SuiteRunnerWorker.run(SuiteRunnerWorker.java:86)
	at org.testng.TestNG.runSuitesSequentially(TestNG.java:1301)
	at org.testng.TestNG.runSuitesLocally(TestNG.java:1226)
	at org.testng.TestNG.runSuites(TestNG.java:1144)
	at org.testng.TestNG.run(TestNG.java:1115)
	at org.apache.maven.surefire.testng.TestNGExecutor.run(TestNGExecutor.java:283)
	at org.apache.maven.surefire.testng.TestNGXmlTestSuite.execute(TestNGXmlTestSuite.java:75)
	at org.apache.maven.surefire.testng.TestNGProvider.invoke(TestNGProvider.java:120)
	at org.apache.maven.surefire.booter.ForkedBooter.invokeProviderInSameClassLoader(ForkedBooter.java:386)
	at org.apache.maven.surefire.booter.ForkedBooter.runSuitesInProcess(ForkedBooter.java:323)
	at org.apache.maven.surefire.booter.ForkedBooter.main(ForkedBooter.java:143)
]]>
            </full-stacktrace>
          </exception> <!-- java.lang.AssertionError -->
          <reporter-output>
          </reporter-output>
        </test-method> <!-- test -->
        <test-method status="PASS" signature="logout()[pri:0, instance:config.Shakedown6@39aeed2f]" name="logout" is-config="true" duration-ms="2714" started-at="2018-06-19T11:28:16Z" finished-at="2018-06-19T11:28:19Z">
          <reporter-output>
          </reporter-output>
        </test-method> <!-- logout -->
        <test-method status="PASS" signature="setUp()[pri:0, instance:config.Shakedown6@39aeed2f]" name="setUp" is-config="true" duration-ms="3677" started-at="2018-06-19T11:28:19Z" finished-at="2018-06-19T11:28:23Z">
          <reporter-output>
          </reporter-output>
        </test-method> <!-- setUp -->
        <test-method status="PASS" signature="test(java.lang.String, java.lang.String, boolean, boolean, java.lang.Boolean)[pri:0, instance:config.Shakedown6@39aeed2f]" name="test" duration-ms="197687" started-at="2018-06-19T11:28:23Z" data-provider="data" finished-at="2018-06-19T11:31:41Z">
          <params>
            <param index="0">
              <value>
                <![CDATA[mxfldeng]]>
              </value>
            </param>
            <param index="1">
              <value>
                <![CDATA[Shakedown6 scenario9]]>
              </value>
            </param>
            <param index="2">
              <value>
                <![CDATA[true]]>
              </value>
            </param>
            <param index="3">
              <value>
                <![CDATA[false]]>
              </value>
            </param>
            <param index="4">
              <value>
                <![CDATA[true]]>
              </value>
            </param>
          </params>
          <reporter-output>
          </reporter-output>
        </test-method> <!-- test -->
        <test-method status="PASS" signature="logout()[pri:0, instance:config.Shakedown6@39aeed2f]" name="logout" is-config="true" duration-ms="2398" started-at="2018-06-19T11:31:41Z" finished-at="2018-06-19T11:31:43Z">
          <reporter-output>
          </reporter-output>
        </test-method> <!-- logout -->
        <test-method status="PASS" signature="setUp()[pri:0, instance:config.Shakedown6@39aeed2f]" name="setUp" is-config="true" duration-ms="3760" started-at="2018-06-19T11:31:43Z" finished-at="2018-06-19T11:31:47Z">
          <reporter-output>
          </reporter-output>
        </test-method> <!-- setUp -->
        <test-method status="PASS" signature="test(java.lang.String, java.lang.String, boolean, boolean, java.lang.Boolean)[pri:0, instance:config.Shakedown6@39aeed2f]" name="test" duration-ms="200142" started-at="2018-06-19T11:31:47Z" data-provider="data" finished-at="2018-06-19T11:35:07Z">
          <params>
            <param index="0">
              <value>
                <![CDATA[mxfldeng]]>
              </value>
            </param>
            <param index="1">
              <value>
                <![CDATA[Shakedown6 scenario10]]>
              </value>
            </param>
            <param index="2">
              <value>
                <![CDATA[true]]>
              </value>
            </param>
            <param index="3">
              <value>
                <![CDATA[false]]>
              </value>
            </param>
            <param index="4">
              <value>
                <![CDATA[false]]>
              </value>
            </param>
          </params>
          <reporter-output>
          </reporter-output>
        </test-method> <!-- test -->
        <test-method status="PASS" signature="logout()[pri:0, instance:config.Shakedown6@39aeed2f]" name="logout" is-config="true" duration-ms="2375" started-at="2018-06-19T11:35:07Z" finished-at="2018-06-19T11:35:09Z">
          <reporter-output>
          </reporter-output>
        </test-method> <!-- logout -->
        <test-method status="PASS" signature="setUp()[pri:0, instance:config.Shakedown6@39aeed2f]" name="setUp" is-config="true" duration-ms="4486" started-at="2018-06-19T11:35:09Z" finished-at="2018-06-19T11:35:14Z">
          <reporter-output>
          </reporter-output>
        </test-method> <!-- setUp -->
        <test-method status="FAIL" signature="test(java.lang.String, java.lang.String, boolean, boolean, java.lang.Boolean)[pri:0, instance:config.Shakedown6@39aeed2f]" name="test" duration-ms="117285" started-at="2018-06-19T11:35:14Z" data-provider="data" finished-at="2018-06-19T11:37:11Z">
          <params>
            <param index="0">
              <value>
                <![CDATA[mxfldeng]]>
              </value>
            </param>
            <param index="1">
              <value>
                <![CDATA[Shakedown6 scenario11]]>
              </value>
            </param>
            <param index="2">
              <value>
                <![CDATA[true]]>
              </value>
            </param>
            <param index="3">
              <value>
                <![CDATA[true]]>
              </value>
            </param>
            <param index="4">
              <value>
                <![CDATA[true]]>
              </value>
            </param>
          </params>
          <exception class="java.lang.AssertionError">
            <message>
              <![CDATA[null]]>
            </message>
            <full-stacktrace>
              <![CDATA[java.lang.AssertionError: null
	at org.testng.Assert.fail(Assert.java:93)
	at org.testng.Assert.fail(Assert.java:100)
	at config.Shakedown6.test(Shakedown6.java:152)
	at sun.reflect.NativeMethodAccessorImpl.invoke0(Native Method)
	at sun.reflect.NativeMethodAccessorImpl.invoke(NativeMethodAccessorImpl.java:62)
	at sun.reflect.DelegatingMethodAccessorImpl.invoke(DelegatingMethodAccessorImpl.java:43)
	at java.lang.reflect.Method.invoke(Method.java:498)
	at org.testng.internal.MethodInvocationHelper.invokeMethod(MethodInvocationHelper.java:108)
	at org.testng.internal.Invoker.invokeMethod(Invoker.java:661)
	at org.testng.internal.Invoker.invokeTestMethod(Invoker.java:869)
	at org.testng.internal.Invoker.invokeTestMethods(Invoker.java:1193)
	at org.testng.internal.TestMethodWorker.invokeTestMethods(TestMethodWorker.java:126)
	at org.testng.internal.TestMethodWorker.run(TestMethodWorker.java:109)
	at org.testng.TestRunner.privateRun(TestRunner.java:744)
	at org.testng.TestRunner.run(TestRunner.java:602)
	at org.testng.SuiteRunner.runTest(SuiteRunner.java:380)
	at org.testng.SuiteRunner.runSequentially(SuiteRunner.java:375)
	at org.testng.SuiteRunner.privateRun(SuiteRunner.java:340)
	at org.testng.SuiteRunner.run(SuiteRunner.java:289)
	at org.testng.SuiteRunnerWorker.runSuite(SuiteRunnerWorker.java:52)
	at org.testng.SuiteRunnerWorker.run(SuiteRunnerWorker.java:86)
	at org.testng.TestNG.runSuitesSequentially(TestNG.java:1301)
	at org.testng.TestNG.runSuitesLocally(TestNG.java:1226)
	at org.testng.TestNG.runSuites(TestNG.java:1144)
	at org.testng.TestNG.run(TestNG.java:1115)
	at org.apache.maven.surefire.testng.TestNGExecutor.run(TestNGExecutor.java:283)
	at org.apache.maven.surefire.testng.TestNGXmlTestSuite.execute(TestNGXmlTestSuite.java:75)
	at org.apache.maven.surefire.testng.TestNGProvider.invoke(TestNGProvider.java:120)
	at org.apache.maven.surefire.booter.ForkedBooter.invokeProviderInSameClassLoader(ForkedBooter.java:386)
	at org.apache.maven.surefire.booter.ForkedBooter.runSuitesInProcess(ForkedBooter.java:323)
	at org.apache.maven.surefire.booter.ForkedBooter.main(ForkedBooter.java:143)
]]>
            </full-stacktrace>
          </exception> <!-- java.lang.AssertionError -->
          <reporter-output>
          </reporter-output>
        </test-method> <!-- test -->
        <test-method status="PASS" signature="logout()[pri:0, instance:config.Shakedown6@39aeed2f]" name="logout" is-config="true" duration-ms="2436" started-at="2018-06-19T11:37:11Z" finished-at="2018-06-19T11:37:13Z">
          <reporter-output>
          </reporter-output>
        </test-method> <!-- logout -->
        <test-method status="PASS" signature="setUp()[pri:0, instance:config.Shakedown6@39aeed2f]" name="setUp" is-config="true" duration-ms="3726" started-at="2018-06-19T11:37:13Z" finished-at="2018-06-19T11:37:17Z">
          <reporter-output>
          </reporter-output>
        </test-method> <!-- setUp -->
        <test-method status="FAIL" signature="test(java.lang.String, java.lang.String, boolean, boolean, java.lang.Boolean)[pri:0, instance:config.Shakedown6@39aeed2f]" name="test" duration-ms="121649" started-at="2018-06-19T11:37:17Z" data-provider="data" finished-at="2018-06-19T11:39:19Z">
          <params>
            <param index="0">
              <value>
                <![CDATA[mxfldeng]]>
              </value>
            </param>
            <param index="1">
              <value>
                <![CDATA[Shakedown6 scenario11]]>
              </value>
            </param>
            <param index="2">
              <value>
                <![CDATA[true]]>
              </value>
            </param>
            <param index="3">
              <value>
                <![CDATA[true]]>
              </value>
            </param>
            <param index="4">
              <value>
                <![CDATA[true]]>
              </value>
            </param>
          </params>
          <exception class="java.lang.AssertionError">
            <message>
              <![CDATA[null]]>
            </message>
            <full-stacktrace>
              <![CDATA[java.lang.AssertionError: null
	at org.testng.Assert.fail(Assert.java:93)
	at org.testng.Assert.fail(Assert.java:100)
	at config.Shakedown6.test(Shakedown6.java:152)
	at sun.reflect.NativeMethodAccessorImpl.invoke0(Native Method)
	at sun.reflect.NativeMethodAccessorImpl.invoke(NativeMethodAccessorImpl.java:62)
	at sun.reflect.DelegatingMethodAccessorImpl.invoke(DelegatingMethodAccessorImpl.java:43)
	at java.lang.reflect.Method.invoke(Method.java:498)
	at org.testng.internal.MethodInvocationHelper.invokeMethod(MethodInvocationHelper.java:108)
	at org.testng.internal.Invoker.invokeMethod(Invoker.java:661)
	at org.testng.internal.Invoker.retryFailed(Invoker.java:1014)
	at org.testng.internal.Invoker.invokeTestMethods(Invoker.java:1215)
	at org.testng.internal.TestMethodWorker.invokeTestMethods(TestMethodWorker.java:126)
	at org.testng.internal.TestMethodWorker.run(TestMethodWorker.java:109)
	at org.testng.TestRunner.privateRun(TestRunner.java:744)
	at org.testng.TestRunner.run(TestRunner.java:602)
	at org.testng.SuiteRunner.runTest(SuiteRunner.java:380)
	at org.testng.SuiteRunner.runSequentially(SuiteRunner.java:375)
	at org.testng.SuiteRunner.privateRun(SuiteRunner.java:340)
	at org.testng.SuiteRunner.run(SuiteRunner.java:289)
	at org.testng.SuiteRunnerWorker.runSuite(SuiteRunnerWorker.java:52)
	at org.testng.SuiteRunnerWorker.run(SuiteRunnerWorker.java:86)
	at org.testng.TestNG.runSuitesSequentially(TestNG.java:1301)
	at org.testng.TestNG.runSuitesLocally(TestNG.java:1226)
	at org.testng.TestNG.runSuites(TestNG.java:1144)
	at org.testng.TestNG.run(TestNG.java:1115)
	at org.apache.maven.surefire.testng.TestNGExecutor.run(TestNGExecutor.java:283)
	at org.apache.maven.surefire.testng.TestNGXmlTestSuite.execute(TestNGXmlTestSuite.java:75)
	at org.apache.maven.surefire.testng.TestNGProvider.invoke(TestNGProvider.java:120)
	at org.apache.maven.surefire.booter.ForkedBooter.invokeProviderInSameClassLoader(ForkedBooter.java:386)
	at org.apache.maven.surefire.booter.ForkedBooter.runSuitesInProcess(ForkedBooter.java:323)
	at org.apache.maven.surefire.booter.ForkedBooter.main(ForkedBooter.java:143)
]]>
            </full-stacktrace>
          </exception> <!-- java.lang.AssertionError -->
          <reporter-output>
          </reporter-output>
        </test-method> <!-- test -->
        <test-method status="PASS" signature="logout()[pri:0, instance:config.Shakedown6@39aeed2f]" name="logout" is-config="true" duration-ms="2665" started-at="2018-06-19T11:39:19Z" finished-at="2018-06-19T11:39:21Z">
          <reporter-output>
          </reporter-output>
        </test-method> <!-- logout -->
        <test-method status="PASS" signature="setUp()[pri:0, instance:config.Shakedown6@39aeed2f]" name="setUp" is-config="true" duration-ms="3869" started-at="2018-06-19T11:39:21Z" finished-at="2018-06-19T11:39:25Z">
          <reporter-output>
          </reporter-output>
        </test-method> <!-- setUp -->
        <test-method status="FAIL" signature="test(java.lang.String, java.lang.String, boolean, boolean, java.lang.Boolean)[pri:0, instance:config.Shakedown6@39aeed2f]" name="test" duration-ms="108510" started-at="2018-06-19T11:39:25Z" data-provider="data" finished-at="2018-06-19T11:41:14Z">
          <params>
            <param index="0">
              <value>
                <![CDATA[mxfldeng]]>
              </value>
            </param>
            <param index="1">
              <value>
                <![CDATA[Shakedown6 scenario12]]>
              </value>
            </param>
            <param index="2">
              <value>
                <![CDATA[true]]>
              </value>
            </param>
            <param index="3">
              <value>
                <![CDATA[true]]>
              </value>
            </param>
            <param index="4">
              <value>
                <![CDATA[false]]>
              </value>
            </param>
          </params>
          <exception class="java.lang.AssertionError">
            <message>
              <![CDATA[null]]>
            </message>
            <full-stacktrace>
              <![CDATA[java.lang.AssertionError: null
	at org.testng.Assert.fail(Assert.java:93)
	at org.testng.Assert.fail(Assert.java:100)
	at config.Shakedown6.test(Shakedown6.java:152)
	at sun.reflect.NativeMethodAccessorImpl.invoke0(Native Method)
	at sun.reflect.NativeMethodAccessorImpl.invoke(NativeMethodAccessorImpl.java:62)
	at sun.reflect.DelegatingMethodAccessorImpl.invoke(DelegatingMethodAccessorImpl.java:43)
	at java.lang.reflect.Method.invoke(Method.java:498)
	at org.testng.internal.MethodInvocationHelper.invokeMethod(MethodInvocationHelper.java:108)
	at org.testng.internal.Invoker.invokeMethod(Invoker.java:661)
	at org.testng.internal.Invoker.invokeTestMethod(Invoker.java:869)
	at org.testng.internal.Invoker.invokeTestMethods(Invoker.java:1193)
	at org.testng.internal.TestMethodWorker.invokeTestMethods(TestMethodWorker.java:126)
	at org.testng.internal.TestMethodWorker.run(TestMethodWorker.java:109)
	at org.testng.TestRunner.privateRun(TestRunner.java:744)
	at org.testng.TestRunner.run(TestRunner.java:602)
	at org.testng.SuiteRunner.runTest(SuiteRunner.java:380)
	at org.testng.SuiteRunner.runSequentially(SuiteRunner.java:375)
	at org.testng.SuiteRunner.privateRun(SuiteRunner.java:340)
	at org.testng.SuiteRunner.run(SuiteRunner.java:289)
	at org.testng.SuiteRunnerWorker.runSuite(SuiteRunnerWorker.java:52)
	at org.testng.SuiteRunnerWorker.run(SuiteRunnerWorker.java:86)
	at org.testng.TestNG.runSuitesSequentially(TestNG.java:1301)
	at org.testng.TestNG.runSuitesLocally(TestNG.java:1226)
	at org.testng.TestNG.runSuites(TestNG.java:1144)
	at org.testng.TestNG.run(TestNG.java:1115)
	at org.apache.maven.surefire.testng.TestNGExecutor.run(TestNGExecutor.java:283)
	at org.apache.maven.surefire.testng.TestNGXmlTestSuite.execute(TestNGXmlTestSuite.java:75)
	at org.apache.maven.surefire.testng.TestNGProvider.invoke(TestNGProvider.java:120)
	at org.apache.maven.surefire.booter.ForkedBooter.invokeProviderInSameClassLoader(ForkedBooter.java:386)
	at org.apache.maven.surefire.booter.ForkedBooter.runSuitesInProcess(ForkedBooter.java:323)
	at org.apache.maven.surefire.booter.ForkedBooter.main(ForkedBooter.java:143)
]]>
            </full-stacktrace>
          </exception> <!-- java.lang.AssertionError -->
          <reporter-output>
          </reporter-output>
        </test-method> <!-- test -->
        <test-method status="PASS" signature="logout()[pri:0, instance:config.Shakedown6@39aeed2f]" name="logout" is-config="true" duration-ms="2702" started-at="2018-06-19T11:41:14Z" finished-at="2018-06-19T11:41:17Z">
          <reporter-output>
          </reporter-output>
        </test-method> <!-- logout -->
        <test-method status="PASS" signature="setUp()[pri:0, instance:config.Shakedown6@39aeed2f]" name="setUp" is-config="true" duration-ms="3914" started-at="2018-06-19T11:41:17Z" finished-at="2018-06-19T11:41:20Z">
          <reporter-output>
          </reporter-output>
        </test-method> <!-- setUp -->
        <test-method status="FAIL" signature="test(java.lang.String, java.lang.String, boolean, boolean, java.lang.Boolean)[pri:0, instance:config.Shakedown6@39aeed2f]" name="test" duration-ms="115104" started-at="2018-06-19T11:41:20Z" data-provider="data" finished-at="2018-06-19T11:43:16Z">
          <params>
            <param index="0">
              <value>
                <![CDATA[mxfldeng]]>
              </value>
            </param>
            <param index="1">
              <value>
                <![CDATA[Shakedown6 scenario12]]>
              </value>
            </param>
            <param index="2">
              <value>
                <![CDATA[true]]>
              </value>
            </param>
            <param index="3">
              <value>
                <![CDATA[true]]>
              </value>
            </param>
            <param index="4">
              <value>
                <![CDATA[false]]>
              </value>
            </param>
          </params>
          <exception class="java.lang.AssertionError">
            <message>
              <![CDATA[null]]>
            </message>
            <full-stacktrace>
              <![CDATA[java.lang.AssertionError: null
	at org.testng.Assert.fail(Assert.java:93)
	at org.testng.Assert.fail(Assert.java:100)
	at config.Shakedown6.test(Shakedown6.java:152)
	at sun.reflect.NativeMethodAccessorImpl.invoke0(Native Method)
	at sun.reflect.NativeMethodAccessorImpl.invoke(NativeMethodAccessorImpl.java:62)
	at sun.reflect.DelegatingMethodAccessorImpl.invoke(DelegatingMethodAccessorImpl.java:43)
	at java.lang.reflect.Method.invoke(Method.java:498)
	at org.testng.internal.MethodInvocationHelper.invokeMethod(MethodInvocationHelper.java:108)
	at org.testng.internal.Invoker.invokeMethod(Invoker.java:661)
	at org.testng.internal.Invoker.retryFailed(Invoker.java:1014)
	at org.testng.internal.Invoker.invokeTestMethods(Invoker.java:1215)
	at org.testng.internal.TestMethodWorker.invokeTestMethods(TestMethodWorker.java:126)
	at org.testng.internal.TestMethodWorker.run(TestMethodWorker.java:109)
	at org.testng.TestRunner.privateRun(TestRunner.java:744)
	at org.testng.TestRunner.run(TestRunner.java:602)
	at org.testng.SuiteRunner.runTest(SuiteRunner.java:380)
	at org.testng.SuiteRunner.runSequentially(SuiteRunner.java:375)
	at org.testng.SuiteRunner.privateRun(SuiteRunner.java:340)
	at org.testng.SuiteRunner.run(SuiteRunner.java:289)
	at org.testng.SuiteRunnerWorker.runSuite(SuiteRunnerWorker.java:52)
	at org.testng.SuiteRunnerWorker.run(SuiteRunnerWorker.java:86)
	at org.testng.TestNG.runSuitesSequentially(TestNG.java:1301)
	at org.testng.TestNG.runSuitesLocally(TestNG.java:1226)
	at org.testng.TestNG.runSuites(TestNG.java:1144)
	at org.testng.TestNG.run(TestNG.java:1115)
	at org.apache.maven.surefire.testng.TestNGExecutor.run(TestNGExecutor.java:283)
	at org.apache.maven.surefire.testng.TestNGXmlTestSuite.execute(TestNGXmlTestSuite.java:75)
	at org.apache.maven.surefire.testng.TestNGProvider.invoke(TestNGProvider.java:120)
	at org.apache.maven.surefire.booter.ForkedBooter.invokeProviderInSameClassLoader(ForkedBooter.java:386)
	at org.apache.maven.surefire.booter.ForkedBooter.runSuitesInProcess(ForkedBooter.java:323)
	at org.apache.maven.surefire.booter.ForkedBooter.main(ForkedBooter.java:143)
]]>
            </full-stacktrace>
          </exception> <!-- java.lang.AssertionError -->
          <reporter-output>
          </reporter-output>
        </test-method> <!-- test -->
        <test-method status="PASS" signature="logout()[pri:0, instance:config.Shakedown6@39aeed2f]" name="logout" is-config="true" duration-ms="2664" started-at="2018-06-19T11:43:16Z" finished-at="2018-06-19T11:43:18Z">
          <reporter-output>
          </reporter-output>
        </test-method> <!-- logout -->
        <test-method status="PASS" signature="tearDown()[pri:0, instance:config.Shakedown6@39aeed2f]" name="tearDown" is-config="true" duration-ms="596" started-at="2018-06-19T11:43:18Z" finished-at="2018-06-19T11:43:19Z">
          <reporter-output>
          </reporter-output>
        </test-method> <!-- tearDown -->
      </class> <!-- config.Shakedown6 -->
      <class name="executionEngine.Base">
        <test-method status="PASS" signature="setup()[pri:0, instance:executionEngine.Base@4cc0edeb]" name="setup" is-config="true" duration-ms="945" started-at="2018-06-19T10:50:38Z" finished-at="2018-06-19T10:50:39Z">
          <reporter-output>
          </reporter-output>
        </test-method> <!-- setup -->
        <test-method status="PASS" signature="tearDown()[pri:0, instance:executionEngine.Base@4cc0edeb]" name="tearDown" is-config="true" duration-ms="658" started-at="2018-06-19T11:43:19Z" finished-at="2018-06-19T11:43:20Z">
          <reporter-output>
          </reporter-output>
        </test-method> <!-- tearDown -->
      </class> <!-- executionEngine.Base -->
      <class name="config.WFUnitTests">
        <test-method status="PASS" signature="init()[pri:0, instance:config.WFUnitTests@457e2f02]" name="init" is-config="true" duration-ms="15" started-at="2018-06-19T10:50:39Z" finished-at="2018-06-19T10:50:39Z">
          <reporter-output>
          </reporter-output>
        </test-method> <!-- init -->
        <test-method status="PASS" signature="setUp()[pri:0, instance:config.WFUnitTests@457e2f02]" name="setUp" is-config="true" duration-ms="6582" started-at="2018-06-19T10:50:39Z" finished-at="2018-06-19T10:50:45Z">
          <reporter-output>
          </reporter-output>
        </test-method> <!-- setUp -->
        <test-method status="PASS" signature="testTAWOs(java.lang.String, java.lang.String)[pri:0, instance:config.WFUnitTests@457e2f02]" name="testTAWOs" duration-ms="577122" started-at="2018-06-19T10:50:45Z" data-provider="activityType" finished-at="2018-06-19T11:00:22Z">
          <params>
            <param index="0">
              <value>
                <![CDATA[TA-SH27: WAHAROA]]>
              </value>
            </param>
            <param index="1">
              <value>
                <![CDATA[PWO1033]]>
              </value>
            </param>
          </params>
          <reporter-output>
          </reporter-output>
        </test-method> <!-- testTAWOs -->
        <test-method status="PASS" signature="logout()[pri:0, instance:config.WFUnitTests@457e2f02]" name="logout" is-config="true" duration-ms="75" started-at="2018-06-19T11:00:22Z" finished-at="2018-06-19T11:00:23Z">
          <reporter-output>
          </reporter-output>
        </test-method> <!-- logout -->
        <test-method status="PASS" signature="setUp()[pri:0, instance:config.WFUnitTests@457e2f02]" name="setUp" is-config="true" duration-ms="3704" started-at="2018-06-19T11:00:23Z" finished-at="2018-06-19T11:00:26Z">
          <reporter-output>
          </reporter-output>
        </test-method> <!-- setUp -->
        <test-method status="PASS" signature="testColdstartPRwithTAWO()[pri:0, instance:config.WFUnitTests@457e2f02]" name="testColdstartPRwithTAWO" duration-ms="274162" started-at="2018-06-19T11:00:26Z" depends-on-methods="config.WFUnitTests.testTAWOs" finished-at="2018-06-19T11:05:00Z">
          <reporter-output>
          </reporter-output>
        </test-method> <!-- testColdstartPRwithTAWO -->
        <test-method status="PASS" signature="logout()[pri:0, instance:config.WFUnitTests@457e2f02]" name="logout" is-config="true" duration-ms="89" started-at="2018-06-19T11:05:00Z" finished-at="2018-06-19T11:05:01Z">
          <reporter-output>
          </reporter-output>
        </test-method> <!-- logout -->
        <test-method status="PASS" signature="setUp()[pri:0, instance:config.WFUnitTests@457e2f02]" name="setUp" is-config="true" duration-ms="3798" started-at="2018-06-19T11:05:01Z" finished-at="2018-06-19T11:05:04Z">
          <reporter-output>
          </reporter-output>
        </test-method> <!-- setUp -->
        <test-method status="PASS" signature="testPOGeneratedByTAWO()[pri:0, instance:config.WFUnitTests@457e2f02]" name="testPOGeneratedByTAWO" duration-ms="207093" started-at="2018-06-19T11:05:04Z" depends-on-methods="config.WFUnitTests.testTAWOs" finished-at="2018-06-19T11:08:31Z">
          <reporter-output>
          </reporter-output>
        </test-method> <!-- testPOGeneratedByTAWO -->
        <test-method status="PASS" signature="logout()[pri:0, instance:config.WFUnitTests@457e2f02]" name="logout" is-config="true" duration-ms="94" started-at="2018-06-19T11:08:31Z" finished-at="2018-06-19T11:08:32Z">
          <reporter-output>
          </reporter-output>
        </test-method> <!-- logout -->
        <test-method status="PASS" signature="tearDown()[pri:0, instance:config.WFUnitTests@457e2f02]" name="tearDown" is-config="true" duration-ms="632" started-at="2018-06-19T11:08:32Z" finished-at="2018-06-19T11:08:32Z">
          <reporter-output>
          </reporter-output>
        </test-method> <!-- tearDown -->
      </class> <!-- config.WFUnitTests -->
    </test> <!-- Regression Test Suite -->
  </suite> <!-- MaximoTestSuite -->
</testng-results>
